ERROR - 2024-04-22 22:34:27 --> Error connecting to the database: mysqli_sql_exception: Access denied for user 'root'@'localhost' (using password: YES) in C:\xampp\htdocs\Hotel\system\Database\MySQLi\Connection.php:185
Stack trace:
#0 C:\xampp\htdocs\Hotel\system\Database\MySQLi\Connection.php(185): mysqli->real_connect('localhost', 'root', 'root', 'ci4', 3306, '', 0)
#1 C:\xampp\htdocs\Hotel\system\Database\BaseConnection.php(392): CodeIgniter\Database\MySQLi\Connection->connect(false)
#2 C:\xampp\htdocs\Hotel\system\Database\BaseConnection.php(575): CodeIgniter\Database\BaseConnection->initialize()
#3 C:\xampp\htdocs\Hotel\app\Models\paginaModel.php(11): CodeIgniter\Database\BaseConnection->query('SELECT *FROM tb...')
#4 C:\xampp\htdocs\Hotel\app\Controllers\Home.php(18): App\Models\paginaModel->usuarios_lst()
#5 C:\xampp\htdocs\Hotel\system\CodeIgniter.php(943): App\Controllers\Home->index()
#6 C:\xampp\htdocs\Hotel\system\CodeIgniter.php(503): CodeIgniter\CodeIgniter->runController(Object(App\Controllers\Home))
#7 C:\xampp\htdocs\Hotel\system\CodeIgniter.php(361): CodeIgniter\CodeIgniter->handleRequest(NULL, Object(Config\Cache), false)
#8 C:\xampp\htdocs\Hotel\index.php(79): CodeIgniter\CodeIgniter->run()
#9 {main}

Next CodeIgniter\Database\Exceptions\DatabaseException: Access denied for user '****'@'localhost' (using password: YES) in C:\xampp\htdocs\Hotel\system\Database\MySQLi\Connection.php:229
Stack trace:
#0 C:\xampp\htdocs\Hotel\system\Database\BaseConnection.php(392): CodeIgniter\Database\MySQLi\Connection->connect(false)
#1 C:\xampp\htdocs\Hotel\system\Database\BaseConnection.php(575): CodeIgniter\Database\BaseConnection->initialize()
#2 C:\xampp\htdocs\Hotel\app\Models\paginaModel.php(11): CodeIgniter\Database\BaseConnection->query('SELECT *FROM tb...')
#3 C:\xampp\htdocs\Hotel\app\Controllers\Home.php(18): App\Models\paginaModel->usuarios_lst()
#4 C:\xampp\htdocs\Hotel\system\CodeIgniter.php(943): App\Controllers\Home->index()
#5 C:\xampp\htdocs\Hotel\system\CodeIgniter.php(503): CodeIgniter\CodeIgniter->runController(Object(App\Controllers\Home))
#6 C:\xampp\htdocs\Hotel\system\CodeIgniter.php(361): CodeIgniter\CodeIgniter->handleRequest(NULL, Object(Config\Cache), false)
#7 C:\xampp\htdocs\Hotel\index.php(79): CodeIgniter\CodeIgniter->run()
#8 {main}
CRITICAL - 2024-04-22 22:34:27 --> CodeIgniter\Database\Exceptions\DatabaseException: Unable to connect to the database.
Main connection [MySQLi]: Access denied for user '****'@'localhost' (using password: YES)
in SYSTEMPATH\Database\BaseConnection.php on line 428.
 1 SYSTEMPATH\Database\BaseConnection.php(575): CodeIgniter\Database\BaseConnection->initialize()
 2 APPPATH\Models\paginaModel.php(11): CodeIgniter\Database\BaseConnection->query('SELECT *FROM tbl_usuario;')
 3 APPPATH\Controllers\Home.php(18): App\Models\paginaModel->usuarios_lst()
 4 SYSTEMPATH\CodeIgniter.php(943): App\Controllers\Home->index()
 5 SYSTEMPATH\CodeIgniter.php(503): CodeIgniter\CodeIgniter->runController(Object(App\Controllers\Home))
 6 SYSTEMPATH\CodeIgniter.php(361): CodeIgniter\CodeIgniter->handleRequest(null, Object(Config\Cache), false)
 7 FCPATH\index.php(79): CodeIgniter\CodeIgniter->run()
ERROR - 2024-04-22 22:35:12 --> Error connecting to the database: mysqli_sql_exception: Access denied for user 'root'@'localhost' (using password: YES) in C:\xampp\htdocs\Hotel\system\Database\MySQLi\Connection.php:185
Stack trace:
#0 C:\xampp\htdocs\Hotel\system\Database\MySQLi\Connection.php(185): mysqli->real_connect('localhost', 'root', 'root', 'ci4', 3306, '', 0)
#1 C:\xampp\htdocs\Hotel\system\Database\BaseConnection.php(392): CodeIgniter\Database\MySQLi\Connection->connect(false)
#2 C:\xampp\htdocs\Hotel\system\Database\BaseConnection.php(575): CodeIgniter\Database\BaseConnection->initialize()
#3 C:\xampp\htdocs\Hotel\app\Models\paginaModel.php(11): CodeIgniter\Database\BaseConnection->query('SELECT *FROM tb...')
#4 C:\xampp\htdocs\Hotel\app\Controllers\Home.php(18): App\Models\paginaModel->usuarios_lst()
#5 C:\xampp\htdocs\Hotel\system\CodeIgniter.php(943): App\Controllers\Home->index()
#6 C:\xampp\htdocs\Hotel\system\CodeIgniter.php(503): CodeIgniter\CodeIgniter->runController(Object(App\Controllers\Home))
#7 C:\xampp\htdocs\Hotel\system\CodeIgniter.php(361): CodeIgniter\CodeIgniter->handleRequest(NULL, Object(Config\Cache), false)
#8 C:\xampp\htdocs\Hotel\index.php(79): CodeIgniter\CodeIgniter->run()
#9 {main}

Next CodeIgniter\Database\Exceptions\DatabaseException: Access denied for user '****'@'localhost' (using password: YES) in C:\xampp\htdocs\Hotel\system\Database\MySQLi\Connection.php:229
Stack trace:
#0 C:\xampp\htdocs\Hotel\system\Database\BaseConnection.php(392): CodeIgniter\Database\MySQLi\Connection->connect(false)
#1 C:\xampp\htdocs\Hotel\system\Database\BaseConnection.php(575): CodeIgniter\Database\BaseConnection->initialize()
#2 C:\xampp\htdocs\Hotel\app\Models\paginaModel.php(11): CodeIgniter\Database\BaseConnection->query('SELECT *FROM tb...')
#3 C:\xampp\htdocs\Hotel\app\Controllers\Home.php(18): App\Models\paginaModel->usuarios_lst()
#4 C:\xampp\htdocs\Hotel\system\CodeIgniter.php(943): App\Controllers\Home->index()
#5 C:\xampp\htdocs\Hotel\system\CodeIgniter.php(503): CodeIgniter\CodeIgniter->runController(Object(App\Controllers\Home))
#6 C:\xampp\htdocs\Hotel\system\CodeIgniter.php(361): CodeIgniter\CodeIgniter->handleRequest(NULL, Object(Config\Cache), false)
#7 C:\xampp\htdocs\Hotel\index.php(79): CodeIgniter\CodeIgniter->run()
#8 {main}
CRITICAL - 2024-04-22 22:35:12 --> CodeIgniter\Database\Exceptions\DatabaseException: Unable to connect to the database.
Main connection [MySQLi]: Access denied for user '****'@'localhost' (using password: YES)
in SYSTEMPATH\Database\BaseConnection.php on line 428.
 1 SYSTEMPATH\Database\BaseConnection.php(575): CodeIgniter\Database\BaseConnection->initialize()
 2 APPPATH\Models\paginaModel.php(11): CodeIgniter\Database\BaseConnection->query('SELECT *FROM tbl_usuario;')
 3 APPPATH\Controllers\Home.php(18): App\Models\paginaModel->usuarios_lst()
 4 SYSTEMPATH\CodeIgniter.php(943): App\Controllers\Home->index()
 5 SYSTEMPATH\CodeIgniter.php(503): CodeIgniter\CodeIgniter->runController(Object(App\Controllers\Home))
 6 SYSTEMPATH\CodeIgniter.php(361): CodeIgniter\CodeIgniter->handleRequest(null, Object(Config\Cache), false)
 7 FCPATH\index.php(79): CodeIgniter\CodeIgniter->run()
ERROR - 2024-04-22 22:35:36 --> Error connecting to the database: mysqli_sql_exception: Access denied for user 'root'@'localhost' (using password: YES) in C:\xampp\htdocs\Hotel\system\Database\MySQLi\Connection.php:185
Stack trace:
#0 C:\xampp\htdocs\Hotel\system\Database\MySQLi\Connection.php(185): mysqli->real_connect('localhost', 'root', 'root', 'ci4', 3306, '', 0)
#1 C:\xampp\htdocs\Hotel\system\Database\BaseConnection.php(392): CodeIgniter\Database\MySQLi\Connection->connect(false)
#2 C:\xampp\htdocs\Hotel\system\Database\BaseConnection.php(575): CodeIgniter\Database\BaseConnection->initialize()
#3 C:\xampp\htdocs\Hotel\app\Models\paginaModel.php(11): CodeIgniter\Database\BaseConnection->query('SELECT *FROM tb...')
#4 C:\xampp\htdocs\Hotel\app\Controllers\Home.php(18): App\Models\paginaModel->usuarios_lst()
#5 C:\xampp\htdocs\Hotel\system\CodeIgniter.php(943): App\Controllers\Home->index()
#6 C:\xampp\htdocs\Hotel\system\CodeIgniter.php(503): CodeIgniter\CodeIgniter->runController(Object(App\Controllers\Home))
#7 C:\xampp\htdocs\Hotel\system\CodeIgniter.php(361): CodeIgniter\CodeIgniter->handleRequest(NULL, Object(Config\Cache), false)
#8 C:\xampp\htdocs\Hotel\index.php(79): CodeIgniter\CodeIgniter->run()
#9 {main}

Next CodeIgniter\Database\Exceptions\DatabaseException: Access denied for user '****'@'localhost' (using password: YES) in C:\xampp\htdocs\Hotel\system\Database\MySQLi\Connection.php:229
Stack trace:
#0 C:\xampp\htdocs\Hotel\system\Database\BaseConnection.php(392): CodeIgniter\Database\MySQLi\Connection->connect(false)
#1 C:\xampp\htdocs\Hotel\system\Database\BaseConnection.php(575): CodeIgniter\Database\BaseConnection->initialize()
#2 C:\xampp\htdocs\Hotel\app\Models\paginaModel.php(11): CodeIgniter\Database\BaseConnection->query('SELECT *FROM tb...')
#3 C:\xampp\htdocs\Hotel\app\Controllers\Home.php(18): App\Models\paginaModel->usuarios_lst()
#4 C:\xampp\htdocs\Hotel\system\CodeIgniter.php(943): App\Controllers\Home->index()
#5 C:\xampp\htdocs\Hotel\system\CodeIgniter.php(503): CodeIgniter\CodeIgniter->runController(Object(App\Controllers\Home))
#6 C:\xampp\htdocs\Hotel\system\CodeIgniter.php(361): CodeIgniter\CodeIgniter->handleRequest(NULL, Object(Config\Cache), false)
#7 C:\xampp\htdocs\Hotel\index.php(79): CodeIgniter\CodeIgniter->run()
#8 {main}
CRITICAL - 2024-04-22 22:35:36 --> CodeIgniter\Database\Exceptions\DatabaseException: Unable to connect to the database.
Main connection [MySQLi]: Access denied for user '****'@'localhost' (using password: YES)
in SYSTEMPATH\Database\BaseConnection.php on line 428.
 1 SYSTEMPATH\Database\BaseConnection.php(575): CodeIgniter\Database\BaseConnection->initialize()
 2 APPPATH\Models\paginaModel.php(11): CodeIgniter\Database\BaseConnection->query('SELECT *FROM tbl_usuario;')
 3 APPPATH\Controllers\Home.php(18): App\Models\paginaModel->usuarios_lst()
 4 SYSTEMPATH\CodeIgniter.php(943): App\Controllers\Home->index()
 5 SYSTEMPATH\CodeIgniter.php(503): CodeIgniter\CodeIgniter->runController(Object(App\Controllers\Home))
 6 SYSTEMPATH\CodeIgniter.php(361): CodeIgniter\CodeIgniter->handleRequest(null, Object(Config\Cache), false)
 7 FCPATH\index.php(79): CodeIgniter\CodeIgniter->run()
ERROR - 2024-04-22 22:40:34 --> Error connecting to the database: mysqli_sql_exception: Access denied for user 'root'@'localhost' (using password: YES) in C:\xampp\htdocs\Hotel\system\Database\MySQLi\Connection.php:185
Stack trace:
#0 C:\xampp\htdocs\Hotel\system\Database\MySQLi\Connection.php(185): mysqli->real_connect('localhost', 'root', 'root', 'ci4', 3306, '', 0)
#1 C:\xampp\htdocs\Hotel\system\Database\BaseConnection.php(392): CodeIgniter\Database\MySQLi\Connection->connect(false)
#2 C:\xampp\htdocs\Hotel\system\Database\BaseConnection.php(575): CodeIgniter\Database\BaseConnection->initialize()
#3 C:\xampp\htdocs\Hotel\app\Models\paginaModel.php(11): CodeIgniter\Database\BaseConnection->query('SELECT *FROM tb...')
#4 C:\xampp\htdocs\Hotel\app\Controllers\Home.php(18): App\Models\paginaModel->usuarios_lst()
#5 C:\xampp\htdocs\Hotel\system\CodeIgniter.php(943): App\Controllers\Home->index()
#6 C:\xampp\htdocs\Hotel\system\CodeIgniter.php(503): CodeIgniter\CodeIgniter->runController(Object(App\Controllers\Home))
#7 C:\xampp\htdocs\Hotel\system\CodeIgniter.php(361): CodeIgniter\CodeIgniter->handleRequest(NULL, Object(Config\Cache), false)
#8 C:\xampp\htdocs\Hotel\index.php(79): CodeIgniter\CodeIgniter->run()
#9 {main}

Next CodeIgniter\Database\Exceptions\DatabaseException: Access denied for user '****'@'localhost' (using password: YES) in C:\xampp\htdocs\Hotel\system\Database\MySQLi\Connection.php:229
Stack trace:
#0 C:\xampp\htdocs\Hotel\system\Database\BaseConnection.php(392): CodeIgniter\Database\MySQLi\Connection->connect(false)
#1 C:\xampp\htdocs\Hotel\system\Database\BaseConnection.php(575): CodeIgniter\Database\BaseConnection->initialize()
#2 C:\xampp\htdocs\Hotel\app\Models\paginaModel.php(11): CodeIgniter\Database\BaseConnection->query('SELECT *FROM tb...')
#3 C:\xampp\htdocs\Hotel\app\Controllers\Home.php(18): App\Models\paginaModel->usuarios_lst()
#4 C:\xampp\htdocs\Hotel\system\CodeIgniter.php(943): App\Controllers\Home->index()
#5 C:\xampp\htdocs\Hotel\system\CodeIgniter.php(503): CodeIgniter\CodeIgniter->runController(Object(App\Controllers\Home))
#6 C:\xampp\htdocs\Hotel\system\CodeIgniter.php(361): CodeIgniter\CodeIgniter->handleRequest(NULL, Object(Config\Cache), false)
#7 C:\xampp\htdocs\Hotel\index.php(79): CodeIgniter\CodeIgniter->run()
#8 {main}
CRITICAL - 2024-04-22 22:40:34 --> CodeIgniter\Database\Exceptions\DatabaseException: Unable to connect to the database.
Main connection [MySQLi]: Access denied for user '****'@'localhost' (using password: YES)
in SYSTEMPATH\Database\BaseConnection.php on line 428.
 1 SYSTEMPATH\Database\BaseConnection.php(575): CodeIgniter\Database\BaseConnection->initialize()
 2 APPPATH\Models\paginaModel.php(11): CodeIgniter\Database\BaseConnection->query('SELECT *FROM tbl_usuarios;')
 3 APPPATH\Controllers\Home.php(18): App\Models\paginaModel->usuarios_lst()
 4 SYSTEMPATH\CodeIgniter.php(943): App\Controllers\Home->index()
 5 SYSTEMPATH\CodeIgniter.php(503): CodeIgniter\CodeIgniter->runController(Object(App\Controllers\Home))
 6 SYSTEMPATH\CodeIgniter.php(361): CodeIgniter\CodeIgniter->handleRequest(null, Object(Config\Cache), false)
 7 FCPATH\index.php(79): CodeIgniter\CodeIgniter->run()
ERROR - 2024-04-22 22:40:36 --> Error connecting to the database: mysqli_sql_exception: Access denied for user 'root'@'localhost' (using password: YES) in C:\xampp\htdocs\Hotel\system\Database\MySQLi\Connection.php:185
Stack trace:
#0 C:\xampp\htdocs\Hotel\system\Database\MySQLi\Connection.php(185): mysqli->real_connect('localhost', 'root', 'root', 'ci4', 3306, '', 0)
#1 C:\xampp\htdocs\Hotel\system\Database\BaseConnection.php(392): CodeIgniter\Database\MySQLi\Connection->connect(false)
#2 C:\xampp\htdocs\Hotel\system\Database\BaseConnection.php(575): CodeIgniter\Database\BaseConnection->initialize()
#3 C:\xampp\htdocs\Hotel\app\Models\paginaModel.php(11): CodeIgniter\Database\BaseConnection->query('SELECT *FROM tb...')
#4 C:\xampp\htdocs\Hotel\app\Controllers\Home.php(18): App\Models\paginaModel->usuarios_lst()
#5 C:\xampp\htdocs\Hotel\system\CodeIgniter.php(943): App\Controllers\Home->index()
#6 C:\xampp\htdocs\Hotel\system\CodeIgniter.php(503): CodeIgniter\CodeIgniter->runController(Object(App\Controllers\Home))
#7 C:\xampp\htdocs\Hotel\system\CodeIgniter.php(361): CodeIgniter\CodeIgniter->handleRequest(NULL, Object(Config\Cache), false)
#8 C:\xampp\htdocs\Hotel\index.php(79): CodeIgniter\CodeIgniter->run()
#9 {main}

Next CodeIgniter\Database\Exceptions\DatabaseException: Access denied for user '****'@'localhost' (using password: YES) in C:\xampp\htdocs\Hotel\system\Database\MySQLi\Connection.php:229
Stack trace:
#0 C:\xampp\htdocs\Hotel\system\Database\BaseConnection.php(392): CodeIgniter\Database\MySQLi\Connection->connect(false)
#1 C:\xampp\htdocs\Hotel\system\Database\BaseConnection.php(575): CodeIgniter\Database\BaseConnection->initialize()
#2 C:\xampp\htdocs\Hotel\app\Models\paginaModel.php(11): CodeIgniter\Database\BaseConnection->query('SELECT *FROM tb...')
#3 C:\xampp\htdocs\Hotel\app\Controllers\Home.php(18): App\Models\paginaModel->usuarios_lst()
#4 C:\xampp\htdocs\Hotel\system\CodeIgniter.php(943): App\Controllers\Home->index()
#5 C:\xampp\htdocs\Hotel\system\CodeIgniter.php(503): CodeIgniter\CodeIgniter->runController(Object(App\Controllers\Home))
#6 C:\xampp\htdocs\Hotel\system\CodeIgniter.php(361): CodeIgniter\CodeIgniter->handleRequest(NULL, Object(Config\Cache), false)
#7 C:\xampp\htdocs\Hotel\index.php(79): CodeIgniter\CodeIgniter->run()
#8 {main}
CRITICAL - 2024-04-22 22:40:36 --> CodeIgniter\Database\Exceptions\DatabaseException: Unable to connect to the database.
Main connection [MySQLi]: Access denied for user '****'@'localhost' (using password: YES)
in SYSTEMPATH\Database\BaseConnection.php on line 428.
 1 SYSTEMPATH\Database\BaseConnection.php(575): CodeIgniter\Database\BaseConnection->initialize()
 2 APPPATH\Models\paginaModel.php(11): CodeIgniter\Database\BaseConnection->query('SELECT *FROM tbl_usuarios;')
 3 APPPATH\Controllers\Home.php(18): App\Models\paginaModel->usuarios_lst()
 4 SYSTEMPATH\CodeIgniter.php(943): App\Controllers\Home->index()
 5 SYSTEMPATH\CodeIgniter.php(503): CodeIgniter\CodeIgniter->runController(Object(App\Controllers\Home))
 6 SYSTEMPATH\CodeIgniter.php(361): CodeIgniter\CodeIgniter->handleRequest(null, Object(Config\Cache), false)
 7 FCPATH\index.php(79): CodeIgniter\CodeIgniter->run()
ERROR - 2024-04-22 22:40:42 --> Error connecting to the database: mysqli_sql_exception: Access denied for user 'root'@'localhost' (using password: YES) in C:\xampp\htdocs\Hotel\system\Database\MySQLi\Connection.php:185
Stack trace:
#0 C:\xampp\htdocs\Hotel\system\Database\MySQLi\Connection.php(185): mysqli->real_connect('localhost', 'root', 'root', 'ci4', 3306, '', 0)
#1 C:\xampp\htdocs\Hotel\system\Database\BaseConnection.php(392): CodeIgniter\Database\MySQLi\Connection->connect(false)
#2 C:\xampp\htdocs\Hotel\system\Database\BaseConnection.php(575): CodeIgniter\Database\BaseConnection->initialize()
#3 C:\xampp\htdocs\Hotel\app\Models\paginaModel.php(11): CodeIgniter\Database\BaseConnection->query('SELECT *FROM tb...')
#4 C:\xampp\htdocs\Hotel\app\Controllers\Home.php(18): App\Models\paginaModel->usuarios_lst()
#5 C:\xampp\htdocs\Hotel\system\CodeIgniter.php(943): App\Controllers\Home->index()
#6 C:\xampp\htdocs\Hotel\system\CodeIgniter.php(503): CodeIgniter\CodeIgniter->runController(Object(App\Controllers\Home))
#7 C:\xampp\htdocs\Hotel\system\CodeIgniter.php(361): CodeIgniter\CodeIgniter->handleRequest(NULL, Object(Config\Cache), false)
#8 C:\xampp\htdocs\Hotel\index.php(79): CodeIgniter\CodeIgniter->run()
#9 {main}

Next CodeIgniter\Database\Exceptions\DatabaseException: Access denied for user '****'@'localhost' (using password: YES) in C:\xampp\htdocs\Hotel\system\Database\MySQLi\Connection.php:229
Stack trace:
#0 C:\xampp\htdocs\Hotel\system\Database\BaseConnection.php(392): CodeIgniter\Database\MySQLi\Connection->connect(false)
#1 C:\xampp\htdocs\Hotel\system\Database\BaseConnection.php(575): CodeIgniter\Database\BaseConnection->initialize()
#2 C:\xampp\htdocs\Hotel\app\Models\paginaModel.php(11): CodeIgniter\Database\BaseConnection->query('SELECT *FROM tb...')
#3 C:\xampp\htdocs\Hotel\app\Controllers\Home.php(18): App\Models\paginaModel->usuarios_lst()
#4 C:\xampp\htdocs\Hotel\system\CodeIgniter.php(943): App\Controllers\Home->index()
#5 C:\xampp\htdocs\Hotel\system\CodeIgniter.php(503): CodeIgniter\CodeIgniter->runController(Object(App\Controllers\Home))
#6 C:\xampp\htdocs\Hotel\system\CodeIgniter.php(361): CodeIgniter\CodeIgniter->handleRequest(NULL, Object(Config\Cache), false)
#7 C:\xampp\htdocs\Hotel\index.php(79): CodeIgniter\CodeIgniter->run()
#8 {main}
CRITICAL - 2024-04-22 22:40:42 --> CodeIgniter\Database\Exceptions\DatabaseException: Unable to connect to the database.
Main connection [MySQLi]: Access denied for user '****'@'localhost' (using password: YES)
in SYSTEMPATH\Database\BaseConnection.php on line 428.
 1 SYSTEMPATH\Database\BaseConnection.php(575): CodeIgniter\Database\BaseConnection->initialize()
 2 APPPATH\Models\paginaModel.php(11): CodeIgniter\Database\BaseConnection->query('SELECT *FROM tbl_usuarios;')
 3 APPPATH\Controllers\Home.php(18): App\Models\paginaModel->usuarios_lst()
 4 SYSTEMPATH\CodeIgniter.php(943): App\Controllers\Home->index()
 5 SYSTEMPATH\CodeIgniter.php(503): CodeIgniter\CodeIgniter->runController(Object(App\Controllers\Home))
 6 SYSTEMPATH\CodeIgniter.php(361): CodeIgniter\CodeIgniter->handleRequest(null, Object(Config\Cache), false)
 7 FCPATH\index.php(79): CodeIgniter\CodeIgniter->run()
ERROR - 2024-04-22 22:40:43 --> Error connecting to the database: mysqli_sql_exception: Access denied for user 'root'@'localhost' (using password: YES) in C:\xampp\htdocs\Hotel\system\Database\MySQLi\Connection.php:185
Stack trace:
#0 C:\xampp\htdocs\Hotel\system\Database\MySQLi\Connection.php(185): mysqli->real_connect('localhost', 'root', 'root', 'ci4', 3306, '', 0)
#1 C:\xampp\htdocs\Hotel\system\Database\BaseConnection.php(392): CodeIgniter\Database\MySQLi\Connection->connect(false)
#2 C:\xampp\htdocs\Hotel\system\Database\BaseConnection.php(575): CodeIgniter\Database\BaseConnection->initialize()
#3 C:\xampp\htdocs\Hotel\app\Models\paginaModel.php(11): CodeIgniter\Database\BaseConnection->query('SELECT *FROM tb...')
#4 C:\xampp\htdocs\Hotel\app\Controllers\Home.php(18): App\Models\paginaModel->usuarios_lst()
#5 C:\xampp\htdocs\Hotel\system\CodeIgniter.php(943): App\Controllers\Home->index()
#6 C:\xampp\htdocs\Hotel\system\CodeIgniter.php(503): CodeIgniter\CodeIgniter->runController(Object(App\Controllers\Home))
#7 C:\xampp\htdocs\Hotel\system\CodeIgniter.php(361): CodeIgniter\CodeIgniter->handleRequest(NULL, Object(Config\Cache), false)
#8 C:\xampp\htdocs\Hotel\index.php(79): CodeIgniter\CodeIgniter->run()
#9 {main}

Next CodeIgniter\Database\Exceptions\DatabaseException: Access denied for user '****'@'localhost' (using password: YES) in C:\xampp\htdocs\Hotel\system\Database\MySQLi\Connection.php:229
Stack trace:
#0 C:\xampp\htdocs\Hotel\system\Database\BaseConnection.php(392): CodeIgniter\Database\MySQLi\Connection->connect(false)
#1 C:\xampp\htdocs\Hotel\system\Database\BaseConnection.php(575): CodeIgniter\Database\BaseConnection->initialize()
#2 C:\xampp\htdocs\Hotel\app\Models\paginaModel.php(11): CodeIgniter\Database\BaseConnection->query('SELECT *FROM tb...')
#3 C:\xampp\htdocs\Hotel\app\Controllers\Home.php(18): App\Models\paginaModel->usuarios_lst()
#4 C:\xampp\htdocs\Hotel\system\CodeIgniter.php(943): App\Controllers\Home->index()
#5 C:\xampp\htdocs\Hotel\system\CodeIgniter.php(503): CodeIgniter\CodeIgniter->runController(Object(App\Controllers\Home))
#6 C:\xampp\htdocs\Hotel\system\CodeIgniter.php(361): CodeIgniter\CodeIgniter->handleRequest(NULL, Object(Config\Cache), false)
#7 C:\xampp\htdocs\Hotel\index.php(79): CodeIgniter\CodeIgniter->run()
#8 {main}
CRITICAL - 2024-04-22 22:40:43 --> CodeIgniter\Database\Exceptions\DatabaseException: Unable to connect to the database.
Main connection [MySQLi]: Access denied for user '****'@'localhost' (using password: YES)
in SYSTEMPATH\Database\BaseConnection.php on line 428.
 1 SYSTEMPATH\Database\BaseConnection.php(575): CodeIgniter\Database\BaseConnection->initialize()
 2 APPPATH\Models\paginaModel.php(11): CodeIgniter\Database\BaseConnection->query('SELECT *FROM tbl_usuarios;')
 3 APPPATH\Controllers\Home.php(18): App\Models\paginaModel->usuarios_lst()
 4 SYSTEMPATH\CodeIgniter.php(943): App\Controllers\Home->index()
 5 SYSTEMPATH\CodeIgniter.php(503): CodeIgniter\CodeIgniter->runController(Object(App\Controllers\Home))
 6 SYSTEMPATH\CodeIgniter.php(361): CodeIgniter\CodeIgniter->handleRequest(null, Object(Config\Cache), false)
 7 FCPATH\index.php(79): CodeIgniter\CodeIgniter->run()
